0 info it worked if it ends with ok
1 verbose cli [ '/usr/bin/nodejs', '/usr/bin/npm', 'start' ]
2 info using npm@3.8.9
3 info using node@v4.4.3
4 verbose run-script [ 'prestart', 'start', 'poststart' ]
5 info lifecycle jbrowse@~prestart: jbrowse@
6 silly lifecycle jbrowse@~prestart: no script for prestart, continuing
7 info lifecycle jbrowse@~start: jbrowse@
8 verbose lifecycle jbrowse@~start: unsafe-perm in lifecycle true
9 verbose lifecycle jbrowse@~start: PATH: /usr/lib/node_modules/npm/bin/node-gyp-bin:/home/pubudud/jbrowse/nodetest/jbrowse/node_modules/.bin:/usr/bin:/usr/local/sbin:/usr/local/bin:/usr/sbin:/usr/bin:/sbin:/bin:/usr/games:/usr/local/games
10 verbose lifecycle jbrowse@~start: CWD: /home/pubudud/jbrowse/nodetest/jbrowse
11 silly lifecycle jbrowse@~start: Args: [ '-c', 'electron browser/main.js' ]
12 info lifecycle jbrowse@~start: Failed to exec start script
13 verbose stack Error: jbrowse@ start: `electron browser/main.js`
13 verbose stack spawn ENOENT
13 verbose stack     at ChildProcess.<anonymous> (/usr/lib/node_modules/npm/lib/utils/spawn.js:17:16)
13 verbose stack     at emitTwo (events.js:87:13)
13 verbose stack     at ChildProcess.emit (events.js:172:7)
13 verbose stack     at maybeClose (internal/child_process.js:827:16)
13 verbose stack     at Process.ChildProcess._handle.onexit (internal/child_process.js:211:5)
14 verbose pkgid jbrowse@
15 verbose cwd /home/pubudud/jbrowse/nodetest/jbrowse
16 error Linux 3.13.0-24-generic
17 error argv "/usr/bin/nodejs" "/usr/bin/npm" "start"
18 error node v4.4.3
19 error npm  v3.8.9
20 error file sh
21 error code ELIFECYCLE
22 error errno ENOENT
23 error syscall spawn
24 error jbrowse@ start: `electron browser/main.js`
24 error spawn ENOENT
25 error Failed at the jbrowse@ start script 'electron browser/main.js'.
25 error Make sure you have the latest version of node.js and npm installed.
25 error If you do, this is most likely a problem with the jbrowse package,
25 error not with npm itself.
25 error Tell the author that this fails on your system:
25 error     electron browser/main.js
25 error You can get information on how to open an issue for this project with:
25 error     npm bugs jbrowse
25 error Or if that isn't available, you can get their info via:
25 error     npm owner ls jbrowse
25 error There is likely additional logging output above.
26 verbose exit [ 1, true ]
